# JRE version: Java(TM) SE Runtime Environment (8.0_121-b13) (build 1.8.0_121-b13)
# Java VM: Java HotSpot(TM) 64-Bit Server VM (25.121-b13 mixed mode windows-amd64 compressed oops)
Heap:
 PSYoungGen      total 53248K, used 17118K [0x00000000e0980000, 0x00000000e9080000, 0x0000000100000000)
  eden space 49152K, 34% used [0x00000000e0980000,0x00000000e1a37880,0x00000000e3980000)
  from space 4096K, 0% used [0x00000000e3980000,0x00000000e3980000,0x00000000e3d80000)
  to   space 19968K, 0% used [0x00000000e7d00000,0x00000000e7d00000,0x00000000e9080000)
 ParOldGen       total 81408K, used 27577K [0x00000000a1c00000, 0x00000000a6b80000, 0x00000000e0980000)
  object space 81408K, 33% used [0x00000000a1c00000,0x00000000a36ee498,0x00000000a6b80000)
 Metaspace       used 24313K, capacity 24556K, committed 24704K, reserved 1069056K
  class space    used 4076K, capacity 4116K, committed 4224K, reserved 1048576K
GC Heap History (10 events):
Event: 1.338 GC heap before
{Heap before GC invocations=2 (full 0):
 PSYoungGen      total 28672K, used 28648K [0x00000000e0980000, 0x00000000e2980000, 0x0000000100000000)
  eden space 24576K, 100% used [0x00000000e0980000,0x00000000e2180000,0x00000000e2180000)
  from space 4096K, 99% used [0x00000000e2180000,0x00000000e257a200,0x00000000e2580000)
  to   space 4096K, 0% used [0x00000000e2580000,0x00000000e2580000,0x00000000e2980000)
 ParOldGen       total 65536K, used 877K [0x00000000a1c00000, 0x00000000a5c00000, 0x00000000e0980000)
  object space 65536K, 1% used [0x00000000a1c00000,0x00000000a1cdb478,0x00000000a5c00000)
 Metaspace       used 15608K, capacity 15852K, committed 16000K, reserved 1062912K
  class space    used 2611K, capacity 2644K, committed 2688K, reserved 1048576K
Event: 1.343 GC heap after
Heap after GC invocations=2 (full 0):
 PSYoungGen      total 28672K, used 4070K [0x00000000e0980000, 0x00000000e2980000, 0x0000000100000000)
  eden space 24576K, 0% used [0x00000000e0980000,0x00000000e0980000,0x00000000e2180000)
  from space 4096K, 99% used [0x00000000e2580000,0x00000000e2979950,0x00000000e2980000)
  to   space 4096K, 0% used [0x00000000e2180000,0x00000000e2180000,0x00000000e2580000)
 ParOldGen       total 65536K, used 4937K [0x00000000a1c00000, 0x00000000a5c00000, 0x00000000e0980000)
  object space 65536K, 7% used [0x00000000a1c00000,0x00000000a20d2620,0x00000000a5c00000)
 Metaspace       used 15608K, capacity 15852K, committed 16000K, reserved 1062912K
  class space    used 2611K, capacity 2644K, committed 2688K, reserved 1048576K
}
Event: 1.868 GC heap before
{Heap before GC invocations=3 (full 0):
 PSYoungGen      total 28672K, used 28646K [0x00000000e0980000, 0x00000000e2980000, 0x0000000100000000)
  eden space 24576K, 100% used [0x00000000e0980000,0x00000000e2180000,0x00000000e2180000)
  from space 4096K, 99% used [0x00000000e2580000,0x00000000e2979950,0x00000000e2980000)
  to   space 4096K, 0% used [0x00000000e2180000,0x00000000e2180000,0x00000000e2580000)
 ParOldGen       total 65536K, used 4937K [0x00000000a1c00000, 0x00000000a5c00000, 0x00000000e0980000)
  object space 65536K, 7% used [0x00000000a1c00000,0x00000000a20d2620,0x00000000a5c00000)
 Metaspace       used 15615K, capacity 15852K, committed 16000K, reserved 1062912K
  class space    used 2611K, capacity 2644K, committed 2688K, reserved 1048576K
Event: 1.877 GC heap after
Heap after GC invocations=3 (full 0):
 PSYoungGen      total 28672K, used 4066K [0x00000000e0980000, 0x00000000e4180000, 0x0000000100000000)
  eden space 24576K, 0% used [0x00000000e0980000,0x00000000e0980000,0x00000000e2180000)
  from space 4096K, 99% used [0x00000000e2180000,0x00000000e2578be8,0x00000000e2580000)
  to   space 4096K, 0% used [0x00000000e3d80000,0x00000000e3d80000,0x00000000e4180000)
 ParOldGen       total 65536K, used 17661K [0x00000000a1c00000, 0x00000000a5c00000, 0x00000000e0980000)
  object space 65536K, 26% used [0x00000000a1c00000,0x00000000a2d3f630,0x00000000a5c00000)
 Metaspace       used 15615K, capacity 15852K, committed 16000K, reserved 1062912K
  class space    used 2611K, capacity 2644K, committed 2688K, reserved 1048576K
}
Event: 2.172 GC heap before
{Heap before GC invocations=4 (full 0):
 PSYoungGen      total 28672K, used 28642K [0x00000000e0980000, 0x00000000e4180000, 0x0000000100000000)
  eden space 24576K, 100% used [0x00000000e0980000,0x00000000e2180000,0x00000000e2180000)
  from space 4096K, 99% used [0x00000000e2180000,0x00000000e2578be8,0x00000000e2580000)
  to   space 4096K, 0% used [0x00000000e3d80000,0x00000000e3d80000,0x00000000e4180000)
 ParOldGen       total 65536K, used 17661K [0x00000000a1c00000, 0x00000000a5c00000, 0x00000000e0980000)
  object space 65536K, 26% used [0x00000000a1c00000,0x00000000a2d3f630,0x00000000a5c00000)
 Metaspace       used 18433K, capacity 18668K, committed 18944K, reserved 1064960K
  class space    used 2980K, capacity 3028K, committed 3072K, reserved 1048576K
Event: 2.181 GC heap after
Heap after GC invocations=4 (full 0):
 PSYoungGen      total 53248K, used 4081K [0x00000000e0980000, 0x00000000e4180000, 0x0000000100000000)
  eden space 49152K, 0% used [0x00000000e0980000,0x00000000e0980000,0x00000000e3980000)
  from space 4096K, 99% used [0x00000000e3d80000,0x00000000e417c7d8,0x00000000e4180000)
  to   space 4096K, 0% used [0x00000000e3980000,0x00000000e3980000,0x00000000e3d80000)
 ParOldGen       total 65536K, used 28206K [0x00000000a1c00000, 0x00000000a5c00000, 0x00000000e0980000)
  object space 65536K, 43% used [0x00000000a1c00000,0x00000000a378bb68,0x00000000a5c00000)
 Metaspace       used 18433K, capacity 18668K, committed 18944K, reserved 1064960K
  class space    used 2980K, capacity 3028K, committed 3072K, reserved 1048576K
}
Event: 2.336 GC heap before
{Heap before GC invocations=5 (full 0):
 PSYoungGen      total 53248K, used 14362K [0x00000000e0980000, 0x00000000e4180000, 0x0000000100000000)
  eden space 49152K, 20% used [0x00000000e0980000,0x00000000e138a108,0x00000000e3980000)
  from space 4096K, 99% used [0x00000000e3d80000,0x00000000e417c7d8,0x00000000e4180000)
  to   space 4096K, 0% used [0x00000000e3980000,0x00000000e3980000,0x00000000e3d80000)
 ParOldGen       total 65536K, used 28206K [0x00000000a1c00000, 0x00000000a5c00000, 0x00000000e0980000)
  object space 65536K, 43% used [0x00000000a1c00000,0x00000000a378bb68,0x00000000a5c00000)
 Metaspace       used 20928K, capacity 21132K, committed 21296K, reserved 1067008K
  class space    used 3337K, capacity 3380K, committed 3456K, reserved 1048576K
Event: 2.342 GC heap after
Heap after GC invocations=5 (full 0):
 PSYoungGen      total 53248K, used 4066K [0x00000000e0980000, 0x00000000e9080000, 0x0000000100000000)
  eden space 49152K, 0% used [0x00000000e0980000,0x00000000e0980000,0x00000000e3980000)
  from space 4096K, 99% used [0x00000000e3980000,0x00000000e3d78bb8,0x00000000e3d80000)
  to   space 19968K, 0% used [0x00000000e7d00000,0x00000000e7d00000,0x00000000e9080000)
 ParOldGen       total 65536K, used 30523K [0x00000000a1c00000, 0x00000000a5c00000, 0x00000000e0980000)
  object space 65536K, 46% used [0x00000000a1c00000,0x00000000a39ceca8,0x00000000a5c00000)
 Metaspace       used 20928K, capacity 21132K, committed 21296K, reserved 1067008K
  class space    used 3337K, capacity 3380K, committed 3456K, reserved 1048576K
}
Event: 2.342 GC heap before
{Heap before GC invocations=6 (full 1):
 PSYoungGen      total 53248K, used 4066K [0x00000000e0980000, 0x00000000e9080000, 0x0000000100000000)
  eden space 49152K, 0% used [0x00000000e0980000,0x00000000e0980000,0x00000000e3980000)
  from space 4096K, 99% used [0x00000000e3980000,0x00000000e3d78bb8,0x00000000e3d80000)
  to   space 19968K, 0% used [0x00000000e7d00000,0x00000000e7d00000,0x00000000e9080000)
 ParOldGen       total 65536K, used 30523K [0x00000000a1c00000, 0x00000000a5c00000, 0x00000000e0980000)
  object space 65536K, 46% used [0x00000000a1c00000,0x00000000a39ceca8,0x00000000a5c00000)
 Metaspace       used 20928K, capacity 21132K, committed 21296K, reserved 1067008K
  class space    used 3337K, capacity 3380K, committed 3456K, reserved 1048576K
Event: 2.392 GC heap after
Heap after GC invocations=6 (full 1):
 PSYoungGen      total 53248K, used 0K [0x00000000e0980000, 0x00000000e9080000, 0x0000000100000000)
  eden space 49152K, 0% used [0x00000000e0980000,0x00000000e0980000,0x00000000e3980000)
  from space 4096K, 0% used [0x00000000e3980000,0x00000000e3980000,0x00000000e3d80000)
  to   space 19968K, 0% used [0x00000000e7d00000,0x00000000e7d00000,0x00000000e9080000)
 ParOldGen       total 81408K, used 27577K [0x00000000a1c00000, 0x00000000a6b80000, 0x00000000e0980000)
  object space 81408K, 33% used [0x00000000a1c00000,0x00000000a36ee498,0x00000000a6b80000)
 Metaspace       used 20928K, capacity 21132K, committed 21296K, reserved 1067008K
  class space    used 3337K, capacity 3380K, committed 3456K, reserved 1048576K
}

