# JRE version: Java(TM) SE Runtime Environment (8.0_121-b13) (build 1.8.0_121-b13)
# Java VM: Java HotSpot(TM) 64-Bit Server VM (25.121-b13 mixed mode windows-amd64 compressed oops)
Heap:
 PSYoungGen      total 53248K, used 5997K [0x00000000e0980000, 0x00000000e9080000, 0x0000000100000000)
  eden space 49152K, 12% used [0x00000000e0980000,0x00000000e0f5b508,0x00000000e3980000)
  from space 4096K, 0% used [0x00000000e3980000,0x00000000e3980000,0x00000000e3d80000)
  to   space 19968K, 0% used [0x00000000e7d00000,0x00000000e7d00000,0x00000000e9080000)
 ParOldGen       total 81408K, used 27429K [0x00000000a1c00000, 0x00000000a6b80000, 0x00000000e0980000)
  object space 81408K, 33% used [0x00000000a1c00000,0x00000000a36c9460,0x00000000a6b80000)
 Metaspace       used 22639K, capacity 22860K, committed 22912K, reserved 1069056K
  class space    used 3648K, capacity 3700K, committed 3712K, reserved 1048576K
GC Heap History (10 events):
Event: 1.012 GC heap before
{Heap before GC invocations=2 (full 0):
 PSYoungGen      total 28672K, used 28640K [0x00000000e0980000, 0x00000000e2980000, 0x0000000100000000)
  eden space 24576K, 100% used [0x00000000e0980000,0x00000000e2180000,0x00000000e2180000)
  from space 4096K, 99% used [0x00000000e2180000,0x00000000e2578150,0x00000000e2580000)
  to   space 4096K, 0% used [0x00000000e2580000,0x00000000e2580000,0x00000000e2980000)
 ParOldGen       total 65536K, used 841K [0x00000000a1c00000, 0x00000000a5c00000, 0x00000000e0980000)
  object space 65536K, 1% used [0x00000000a1c00000,0x00000000a1cd2590,0x00000000a5c00000)
 Metaspace       used 15607K, capacity 15852K, committed 16000K, reserved 1062912K
  class space    used 2611K, capacity 2644K, committed 2688K, reserved 1048576K
Event: 1.018 GC heap after
Heap after GC invocations=2 (full 0):
 PSYoungGen      total 28672K, used 4070K [0x00000000e0980000, 0x00000000e2980000, 0x0000000100000000)
  eden space 24576K, 0% used [0x00000000e0980000,0x00000000e0980000,0x00000000e2180000)
  from space 4096K, 99% used [0x00000000e2580000,0x00000000e2979930,0x00000000e2980000)
  to   space 4096K, 0% used [0x00000000e2180000,0x00000000e2180000,0x00000000e2580000)
 ParOldGen       total 65536K, used 4967K [0x00000000a1c00000, 0x00000000a5c00000, 0x00000000e0980000)
  object space 65536K, 7% used [0x00000000a1c00000,0x00000000a20d9ee0,0x00000000a5c00000)
 Metaspace       used 15607K, capacity 15852K, committed 16000K, reserved 1062912K
  class space    used 2611K, capacity 2644K, committed 2688K, reserved 1048576K
}
Event: 1.585 GC heap before
{Heap before GC invocations=3 (full 0):
 PSYoungGen      total 28672K, used 28646K [0x00000000e0980000, 0x00000000e2980000, 0x0000000100000000)
  eden space 24576K, 100% used [0x00000000e0980000,0x00000000e2180000,0x00000000e2180000)
  from space 4096K, 99% used [0x00000000e2580000,0x00000000e2979930,0x00000000e2980000)
  to   space 4096K, 0% used [0x00000000e2180000,0x00000000e2180000,0x00000000e2580000)
 ParOldGen       total 65536K, used 4967K [0x00000000a1c00000, 0x00000000a5c00000, 0x00000000e0980000)
  object space 65536K, 7% used [0x00000000a1c00000,0x00000000a20d9ee0,0x00000000a5c00000)
 Metaspace       used 15614K, capacity 15884K, committed 16000K, reserved 1062912K
  class space    used 2612K, capacity 2676K, committed 2688K, reserved 1048576K
Event: 1.593 GC heap after
Heap after GC invocations=3 (full 0):
 PSYoungGen      total 28672K, used 4066K [0x00000000e0980000, 0x00000000e4180000, 0x0000000100000000)
  eden space 24576K, 0% used [0x00000000e0980000,0x00000000e0980000,0x00000000e2180000)
  from space 4096K, 99% used [0x00000000e2180000,0x00000000e2578bc8,0x00000000e2580000)
  to   space 4096K, 0% used [0x00000000e3d80000,0x00000000e3d80000,0x00000000e4180000)
 ParOldGen       total 65536K, used 18023K [0x00000000a1c00000, 0x00000000a5c00000, 0x00000000e0980000)
  object space 65536K, 27% used [0x00000000a1c00000,0x00000000a2d99ef8,0x00000000a5c00000)
 Metaspace       used 15614K, capacity 15884K, committed 16000K, reserved 1062912K
  class space    used 2612K, capacity 2676K, committed 2688K, reserved 1048576K
}
Event: 1.916 GC heap before
{Heap before GC invocations=4 (full 0):
 PSYoungGen      total 28672K, used 28642K [0x00000000e0980000, 0x00000000e4180000, 0x0000000100000000)
  eden space 24576K, 100% used [0x00000000e0980000,0x00000000e2180000,0x00000000e2180000)
  from space 4096K, 99% used [0x00000000e2180000,0x00000000e2578bc8,0x00000000e2580000)
  to   space 4096K, 0% used [0x00000000e3d80000,0x00000000e3d80000,0x00000000e4180000)
 ParOldGen       total 65536K, used 18023K [0x00000000a1c00000, 0x00000000a5c00000, 0x00000000e0980000)
  object space 65536K, 27% used [0x00000000a1c00000,0x00000000a2d99ef8,0x00000000a5c00000)
 Metaspace       used 18654K, capacity 18892K, committed 18944K, reserved 1064960K
  class space    used 3001K, capacity 3060K, committed 3072K, reserved 1048576K
Event: 1.925 GC heap after
Heap after GC invocations=4 (full 0):
 PSYoungGen      total 53248K, used 4066K [0x00000000e0980000, 0x00000000e4180000, 0x0000000100000000)
  eden space 49152K, 0% used [0x00000000e0980000,0x00000000e0980000,0x00000000e3980000)
  from space 4096K, 99% used [0x00000000e3d80000,0x00000000e4178b98,0x00000000e4180000)
  to   space 4096K, 0% used [0x00000000e3980000,0x00000000e3980000,0x00000000e3d80000)
 ParOldGen       total 65536K, used 28409K [0x00000000a1c00000, 0x00000000a5c00000, 0x00000000e0980000)
  object space 65536K, 43% used [0x00000000a1c00000,0x00000000a37be6c0,0x00000000a5c00000)
 Metaspace       used 18654K, capacity 18892K, committed 18944K, reserved 1064960K
  class space    used 3001K, capacity 3060K, committed 3072K, reserved 1048576K
}
Event: 2.071 GC heap before
{Heap before GC invocations=5 (full 0):
 PSYoungGen      total 53248K, used 14117K [0x00000000e0980000, 0x00000000e4180000, 0x0000000100000000)
  eden space 49152K, 20% used [0x00000000e0980000,0x00000000e1350b10,0x00000000e3980000)
  from space 4096K, 99% used [0x00000000e3d80000,0x00000000e4178b98,0x00000000e4180000)
  to   space 4096K, 0% used [0x00000000e3980000,0x00000000e3980000,0x00000000e3d80000)
 ParOldGen       total 65536K, used 28409K [0x00000000a1c00000, 0x00000000a5c00000, 0x00000000e0980000)
  object space 65536K, 43% used [0x00000000a1c00000,0x00000000a37be6c0,0x00000000a5c00000)
 Metaspace       used 20929K, capacity 21132K, committed 21296K, reserved 1067008K
  class space    used 3337K, capacity 3380K, committed 3456K, reserved 1048576K
Event: 2.077 GC heap after
Heap after GC invocations=5 (full 0):
 PSYoungGen      total 53248K, used 4077K [0x00000000e0980000, 0x00000000e9080000, 0x0000000100000000)
  eden space 49152K, 0% used [0x00000000e0980000,0x00000000e0980000,0x00000000e3980000)
  from space 4096K, 99% used [0x00000000e3980000,0x00000000e3d7b488,0x00000000e3d80000)
  to   space 19968K, 0% used [0x00000000e7d00000,0x00000000e7d00000,0x00000000e9080000)
 ParOldGen       total 65536K, used 30615K [0x00000000a1c00000, 0x00000000a5c00000, 0x00000000e0980000)
  object space 65536K, 46% used [0x00000000a1c00000,0x00000000a39e5fa0,0x00000000a5c00000)
 Metaspace       used 20929K, capacity 21132K, committed 21296K, reserved 1067008K
  class space    used 3337K, capacity 3380K, committed 3456K, reserved 1048576K
}
Event: 2.077 GC heap before
{Heap before GC invocations=6 (full 1):
 PSYoungGen      total 53248K, used 4077K [0x00000000e0980000, 0x00000000e9080000, 0x0000000100000000)
  eden space 49152K, 0% used [0x00000000e0980000,0x00000000e0980000,0x00000000e3980000)
  from space 4096K, 99% used [0x00000000e3980000,0x00000000e3d7b488,0x00000000e3d80000)
  to   space 19968K, 0% used [0x00000000e7d00000,0x00000000e7d00000,0x00000000e9080000)
 ParOldGen       total 65536K, used 30615K [0x00000000a1c00000, 0x00000000a5c00000, 0x00000000e0980000)
  object space 65536K, 46% used [0x00000000a1c00000,0x00000000a39e5fa0,0x00000000a5c00000)
 Metaspace       used 20929K, capacity 21132K, committed 21296K, reserved 1067008K
  class space    used 3337K, capacity 3380K, committed 3456K, reserved 1048576K
Event: 2.128 GC heap after
Heap after GC invocations=6 (full 1):
 PSYoungGen      total 53248K, used 0K [0x00000000e0980000, 0x00000000e9080000, 0x0000000100000000)
  eden space 49152K, 0% used [0x00000000e0980000,0x00000000e0980000,0x00000000e3980000)
  from space 4096K, 0% used [0x00000000e3980000,0x00000000e3980000,0x00000000e3d80000)
  to   space 19968K, 0% used [0x00000000e7d00000,0x00000000e7d00000,0x00000000e9080000)
 ParOldGen       total 81408K, used 27429K [0x00000000a1c00000, 0x00000000a6b80000, 0x00000000e0980000)
  object space 81408K, 33% used [0x00000000a1c00000,0x00000000a36c9460,0x00000000a6b80000)
 Metaspace       used 20929K, capacity 21132K, committed 21296K, reserved 1067008K
  class space    used 3337K, capacity 3380K, committed 3456K, reserved 1048576K
}

