# JRE version: Java(TM) SE Runtime Environment (8.0_121-b13) (build 1.8.0_121-b13)
# Java VM: Java HotSpot(TM) 64-Bit Server VM (25.121-b13 mixed mode windows-amd64 compressed oops)
Heap:
 PSYoungGen      total 53248K, used 27196K [0x00000000e0980000, 0x00000000e8a80000, 0x0000000100000000)
  eden space 49152K, 55% used [0x00000000e0980000,0x00000000e240f278,0x00000000e3980000)
  from space 4096K, 0% used [0x00000000e3980000,0x00000000e3980000,0x00000000e3d80000)
  to   space 16896K, 0% used [0x00000000e7a00000,0x00000000e7a00000,0x00000000e8a80000)
 ParOldGen       total 73216K, used 22628K [0x00000000a1c00000, 0x00000000a6380000, 0x00000000e0980000)
  object space 73216K, 30% used [0x00000000a1c00000,0x00000000a3219300,0x00000000a6380000)
 Metaspace       used 25036K, capacity 25180K, committed 25216K, reserved 1071104K
  class space    used 4148K, capacity 4212K, committed 4224K, reserved 1048576K
GC Heap History (10 events):
Event: 0.942 GC heap before
{Heap before GC invocations=2 (full 0):
 PSYoungGen      total 28672K, used 28651K [0x00000000e0980000, 0x00000000e2980000, 0x0000000100000000)
  eden space 24576K, 100% used [0x00000000e0980000,0x00000000e2180000,0x00000000e2180000)
  from space 4096K, 99% used [0x00000000e2180000,0x00000000e257ad90,0x00000000e2580000)
  to   space 4096K, 0% used [0x00000000e2580000,0x00000000e2580000,0x00000000e2980000)
 ParOldGen       total 65536K, used 717K [0x00000000a1c00000, 0x00000000a5c00000, 0x00000000e0980000)
  object space 65536K, 1% used [0x00000000a1c00000,0x00000000a1cb3520,0x00000000a5c00000)
 Metaspace       used 14007K, capacity 14176K, committed 14464K, reserved 1060864K
  class space    used 2294K, capacity 2320K, committed 2432K, reserved 1048576K
Event: 0.946 GC heap after
Heap after GC invocations=2 (full 0):
 PSYoungGen      total 28672K, used 4074K [0x00000000e0980000, 0x00000000e2980000, 0x0000000100000000)
  eden space 24576K, 0% used [0x00000000e0980000,0x00000000e0980000,0x00000000e2180000)
  from space 4096K, 99% used [0x00000000e2580000,0x00000000e297abc8,0x00000000e2980000)
  to   space 4096K, 0% used [0x00000000e2180000,0x00000000e2180000,0x00000000e2580000)
 ParOldGen       total 65536K, used 3294K [0x00000000a1c00000, 0x00000000a5c00000, 0x00000000e0980000)
  object space 65536K, 5% used [0x00000000a1c00000,0x00000000a1f378b0,0x00000000a5c00000)
 Metaspace       used 14007K, capacity 14176K, committed 14464K, reserved 1060864K
  class space    used 2294K, capacity 2320K, committed 2432K, reserved 1048576K
}
Event: 1.156 GC heap before
{Heap before GC invocations=3 (full 0):
 PSYoungGen      total 28672K, used 28650K [0x00000000e0980000, 0x00000000e2980000, 0x0000000100000000)
  eden space 24576K, 100% used [0x00000000e0980000,0x00000000e2180000,0x00000000e2180000)
  from space 4096K, 99% used [0x00000000e2580000,0x00000000e297abc8,0x00000000e2980000)
  to   space 4096K, 0% used [0x00000000e2180000,0x00000000e2180000,0x00000000e2580000)
 ParOldGen       total 65536K, used 3294K [0x00000000a1c00000, 0x00000000a5c00000, 0x00000000e0980000)
  object space 65536K, 5% used [0x00000000a1c00000,0x00000000a1f378b0,0x00000000a5c00000)
 Metaspace       used 15448K, capacity 15616K, committed 15744K, reserved 1062912K
  class space    used 2575K, capacity 2608K, committed 2688K, reserved 1048576K
Event: 1.166 GC heap after
Heap after GC invocations=3 (full 0):
 PSYoungGen      total 28672K, used 4077K [0x00000000e0980000, 0x00000000e4180000, 0x0000000100000000)
  eden space 24576K, 0% used [0x00000000e0980000,0x00000000e0980000,0x00000000e2180000)
  from space 4096K, 99% used [0x00000000e2180000,0x00000000e257b4b8,0x00000000e2580000)
  to   space 4096K, 0% used [0x00000000e3d80000,0x00000000e3d80000,0x00000000e4180000)
 ParOldGen       total 65536K, used 13480K [0x00000000a1c00000, 0x00000000a5c00000, 0x00000000e0980000)
  object space 65536K, 20% used [0x00000000a1c00000,0x00000000a292a268,0x00000000a5c00000)
 Metaspace       used 15448K, capacity 15616K, committed 15744K, reserved 1062912K
  class space    used 2575K, capacity 2608K, committed 2688K, reserved 1048576K
}
Event: 1.515 GC heap before
{Heap before GC invocations=4 (full 0):
 PSYoungGen      total 28672K, used 28653K [0x00000000e0980000, 0x00000000e4180000, 0x0000000100000000)
  eden space 24576K, 100% used [0x00000000e0980000,0x00000000e2180000,0x00000000e2180000)
  from space 4096K, 99% used [0x00000000e2180000,0x00000000e257b4b8,0x00000000e2580000)
  to   space 4096K, 0% used [0x00000000e3d80000,0x00000000e3d80000,0x00000000e4180000)
 ParOldGen       total 65536K, used 13480K [0x00000000a1c00000, 0x00000000a5c00000, 0x00000000e0980000)
  object space 65536K, 20% used [0x00000000a1c00000,0x00000000a292a268,0x00000000a5c00000)
 Metaspace       used 18616K, capacity 18752K, committed 18944K, reserved 1064960K
  class space    used 2979K, capacity 2992K, committed 3072K, reserved 1048576K
Event: 1.524 GC heap after
Heap after GC invocations=4 (full 0):
 PSYoungGen      total 53248K, used 4083K [0x00000000e0980000, 0x00000000e4180000, 0x0000000100000000)
  eden space 49152K, 0% used [0x00000000e0980000,0x00000000e0980000,0x00000000e3980000)
  from space 4096K, 99% used [0x00000000e3d80000,0x00000000e417cfc8,0x00000000e4180000)
  to   space 4096K, 0% used [0x00000000e3980000,0x00000000e3980000,0x00000000e3d80000)
 ParOldGen       total 65536K, used 22631K [0x00000000a1c00000, 0x00000000a5c00000, 0x00000000e0980000)
  object space 65536K, 34% used [0x00000000a1c00000,0x00000000a3219c40,0x00000000a5c00000)
 Metaspace       used 18616K, capacity 18752K, committed 18944K, reserved 1064960K
  class space    used 2979K, capacity 2992K, committed 3072K, reserved 1048576K
}
Event: 1.654 GC heap before
{Heap before GC invocations=5 (full 0):
 PSYoungGen      total 53248K, used 16415K [0x00000000e0980000, 0x00000000e4180000, 0x0000000100000000)
  eden space 49152K, 25% used [0x00000000e0980000,0x00000000e158aea0,0x00000000e3980000)
  from space 4096K, 99% used [0x00000000e3d80000,0x00000000e417cfc8,0x00000000e4180000)
  to   space 4096K, 0% used [0x00000000e3980000,0x00000000e3980000,0x00000000e3d80000)
 ParOldGen       total 65536K, used 22631K [0x00000000a1c00000, 0x00000000a5c00000, 0x00000000e0980000)
  object space 65536K, 34% used [0x00000000a1c00000,0x00000000a3219c40,0x00000000a5c00000)
 Metaspace       used 21002K, capacity 21088K, committed 21296K, reserved 1067008K
  class space    used 3338K, capacity 3344K, committed 3456K, reserved 1048576K
Event: 1.660 GC heap after
Heap after GC invocations=5 (full 0):
 PSYoungGen      total 53248K, used 4082K [0x00000000e0980000, 0x00000000e8a80000, 0x0000000100000000)
  eden space 49152K, 0% used [0x00000000e0980000,0x00000000e0980000,0x00000000e3980000)
  from space 4096K, 99% used [0x00000000e3980000,0x00000000e3d7cb38,0x00000000e3d80000)
  to   space 16896K, 0% used [0x00000000e7a00000,0x00000000e7a00000,0x00000000e8a80000)
 ParOldGen       total 65536K, used 24989K [0x00000000a1c00000, 0x00000000a5c00000, 0x00000000e0980000)
  object space 65536K, 38% used [0x00000000a1c00000,0x00000000a34675c0,0x00000000a5c00000)
 Metaspace       used 21002K, capacity 21088K, committed 21296K, reserved 1067008K
  class space    used 3338K, capacity 3344K, committed 3456K, reserved 1048576K
}
Event: 1.660 GC heap before
{Heap before GC invocations=6 (full 1):
 PSYoungGen      total 53248K, used 4082K [0x00000000e0980000, 0x00000000e8a80000, 0x0000000100000000)
  eden space 49152K, 0% used [0x00000000e0980000,0x00000000e0980000,0x00000000e3980000)
  from space 4096K, 99% used [0x00000000e3980000,0x00000000e3d7cb38,0x00000000e3d80000)
  to   space 16896K, 0% used [0x00000000e7a00000,0x00000000e7a00000,0x00000000e8a80000)
 ParOldGen       total 65536K, used 24989K [0x00000000a1c00000, 0x00000000a5c00000, 0x00000000e0980000)
  object space 65536K, 38% used [0x00000000a1c00000,0x00000000a34675c0,0x00000000a5c00000)
 Metaspace       used 21002K, capacity 21088K, committed 21296K, reserved 1067008K
  class space    used 3338K, capacity 3344K, committed 3456K, reserved 1048576K
Event: 1.707 GC heap after
Heap after GC invocations=6 (full 1):
 PSYoungGen      total 53248K, used 0K [0x00000000e0980000, 0x00000000e8a80000, 0x0000000100000000)
  eden space 49152K, 0% used [0x00000000e0980000,0x00000000e0980000,0x00000000e3980000)
  from space 4096K, 0% used [0x00000000e3980000,0x00000000e3980000,0x00000000e3d80000)
  to   space 16896K, 0% used [0x00000000e7a00000,0x00000000e7a00000,0x00000000e8a80000)
 ParOldGen       total 73216K, used 22628K [0x00000000a1c00000, 0x00000000a6380000, 0x00000000e0980000)
  object space 73216K, 30% used [0x00000000a1c00000,0x00000000a3219300,0x00000000a6380000)
 Metaspace       used 21002K, capacity 21088K, committed 21296K, reserved 1067008K
  class space    used 3338K, capacity 3344K, committed 3456K, reserved 1048576K
}

