# JRE version: Java(TM) SE Runtime Environment (8.0_121-b13) (build 1.8.0_121-b13)
# Java VM: Java HotSpot(TM) 64-Bit Server VM (25.121-b13 mixed mode windows-amd64 compressed oops)
Heap:
 PSYoungGen      total 76800K, used 23008K [0x00000000f5580000, 0x00000000faf00000, 0x0000000100000000)
  eden space 62464K, 33% used [0x00000000f5580000,0x00000000f6a01100,0x00000000f9280000)
  from space 14336K, 14% used [0x00000000f9280000,0x00000000f9477240,0x00000000fa080000)
  to   space 13824K, 0% used [0x00000000fa080000,0x00000000fa080000,0x00000000fae00000)
 ParOldGen       total 43008K, used 26820K [0x00000000e0000000, 0x00000000e2a00000, 0x00000000f5580000)
  object space 43008K, 62% used [0x00000000e0000000,0x00000000e1a310c0,0x00000000e2a00000)
 Metaspace       used 45795K, capacity 46480K, committed 46760K, reserved 1087488K
  class space    used 8563K, capacity 8778K, committed 8872K, reserved 1048576K
GC Heap History (10 events):
Event: 8.607 GC heap before
{Heap before GC invocations=15 (full 2):
 PSYoungGen      total 69632K, used 34578K [0x00000000f5580000, 0x00000000fac00000, 0x0000000100000000)
  eden space 60416K, 41% used [0x00000000f5580000,0x00000000f6e47840,0x00000000f9080000)
  from space 9216K, 99% used [0x00000000f9d00000,0x00000000fa5fd070,0x00000000fa600000)
  to   space 12800K, 0% used [0x00000000f9080000,0x00000000f9080000,0x00000000f9d00000)
 ParOldGen       total 43008K, used 18016K [0x00000000e0000000, 0x00000000e2a00000, 0x00000000f5580000)
  object space 43008K, 41% used [0x00000000e0000000,0x00000000e1198280,0x00000000e2a00000)
 Metaspace       used 43688K, capacity 44182K, committed 44456K, reserved 1085440K
  class space    used 8133K, capacity 8284K, committed 8360K, reserved 1048576K
Event: 8.615 GC heap after
Heap after GC invocations=15 (full 2):
 PSYoungGen      total 73216K, used 10535K [0x00000000f5580000, 0x00000000fae00000, 0x0000000100000000)
  eden space 60416K, 0% used [0x00000000f5580000,0x00000000f5580000,0x00000000f9080000)
  from space 12800K, 82% used [0x00000000f9080000,0x00000000f9ac9e10,0x00000000f9d00000)
  to   space 13824K, 0% used [0x00000000fa080000,0x00000000fa080000,0x00000000fae00000)
 ParOldGen       total 43008K, used 20416K [0x00000000e0000000, 0x00000000e2a00000, 0x00000000f5580000)
  object space 43008K, 47% used [0x00000000e0000000,0x00000000e13f02f0,0x00000000e2a00000)
 Metaspace       used 43688K, capacity 44182K, committed 44456K, reserved 1085440K
  class space    used 8133K, capacity 8284K, committed 8360K, reserved 1048576K
}
Event: 8.615 GC heap before
{Heap before GC invocations=16 (full 3):
 PSYoungGen      total 73216K, used 10535K [0x00000000f5580000, 0x00000000fae00000, 0x0000000100000000)
  eden space 60416K, 0% used [0x00000000f5580000,0x00000000f5580000,0x00000000f9080000)
  from space 12800K, 82% used [0x00000000f9080000,0x00000000f9ac9e10,0x00000000f9d00000)
  to   space 13824K, 0% used [0x00000000fa080000,0x00000000fa080000,0x00000000fae00000)
 ParOldGen       total 43008K, used 20416K [0x00000000e0000000, 0x00000000e2a00000, 0x00000000f5580000)
  object space 43008K, 47% used [0x00000000e0000000,0x00000000e13f02f0,0x00000000e2a00000)
 Metaspace       used 43688K, capacity 44182K, committed 44456K, reserved 1085440K
  class space    used 8133K, capacity 8284K, committed 8360K, reserved 1048576K
Event: 8.782 GC heap after
Heap after GC invocations=16 (full 3):
 PSYoungGen      total 73216K, used 0K [0x00000000f5580000, 0x00000000fae00000, 0x0000000100000000)
  eden space 60416K, 0% used [0x00000000f5580000,0x00000000f5580000,0x00000000f9080000)
  from space 12800K, 0% used [0x00000000f9080000,0x00000000f9080000,0x00000000f9d00000)
  to   space 13824K, 0% used [0x00000000fa080000,0x00000000fa080000,0x00000000fae00000)
 ParOldGen       total 43008K, used 27187K [0x00000000e0000000, 0x00000000e2a00000, 0x00000000f5580000)
  object space 43008K, 63% used [0x00000000e0000000,0x00000000e1a8cc00,0x00000000e2a00000)
 Metaspace       used 43688K, capacity 44182K, committed 44456K, reserved 1085440K
  class space    used 8133K, capacity 8284K, committed 8360K, reserved 1048576K
}
Event: 8.783 GC heap before
{Heap before GC invocations=17 (full 3):
 PSYoungGen      total 73216K, used 653K [0x00000000f5580000, 0x00000000fae00000, 0x0000000100000000)
  eden space 60416K, 1% used [0x00000000f5580000,0x00000000f56235a0,0x00000000f9080000)
  from space 12800K, 0% used [0x00000000f9080000,0x00000000f9080000,0x00000000f9d00000)
  to   space 13824K, 0% used [0x00000000fa080000,0x00000000fa080000,0x00000000fae00000)
 ParOldGen       total 43008K, used 27187K [0x00000000e0000000, 0x00000000e2a00000, 0x00000000f5580000)
  object space 43008K, 63% used [0x00000000e0000000,0x00000000e1a8cc00,0x00000000e2a00000)
 Metaspace       used 43691K, capacity 44182K, committed 44456K, reserved 1085440K
  class space    used 8134K, capacity 8284K, committed 8360K, reserved 1048576K
Event: 8.784 GC heap after
Heap after GC invocations=17 (full 3):
 PSYoungGen      total 76288K, used 96K [0x00000000f5580000, 0x00000000faf00000, 0x0000000100000000)
  eden space 62464K, 0% used [0x00000000f5580000,0x00000000f5580000,0x00000000f9280000)
  from space 13824K, 0% used [0x00000000fa080000,0x00000000fa098000,0x00000000fae00000)
  to   space 14336K, 0% used [0x00000000f9280000,0x00000000f9280000,0x00000000fa080000)
 ParOldGen       total 43008K, used 27187K [0x00000000e0000000, 0x00000000e2a00000, 0x00000000f5580000)
  object space 43008K, 63% used [0x00000000e0000000,0x00000000e1a8cc00,0x00000000e2a00000)
 Metaspace       used 43691K, capacity 44182K, committed 44456K, reserved 1085440K
  class space    used 8134K, capacity 8284K, committed 8360K, reserved 1048576K
}
Event: 8.784 GC heap before
{Heap before GC invocations=18 (full 4):
 PSYoungGen      total 76288K, used 96K [0x00000000f5580000, 0x00000000faf00000, 0x0000000100000000)
  eden space 62464K, 0% used [0x00000000f5580000,0x00000000f5580000,0x00000000f9280000)
  from space 13824K, 0% used [0x00000000fa080000,0x00000000fa098000,0x00000000fae00000)
  to   space 14336K, 0% used [0x00000000f9280000,0x00000000f9280000,0x00000000fa080000)
 ParOldGen       total 43008K, used 27187K [0x00000000e0000000, 0x00000000e2a00000, 0x00000000f5580000)
  object space 43008K, 63% used [0x00000000e0000000,0x00000000e1a8cc00,0x00000000e2a00000)
 Metaspace       used 43691K, capacity 44182K, committed 44456K, reserved 1085440K
  class space    used 8134K, capacity 8284K, committed 8360K, reserved 1048576K
Event: 8.912 GC heap after
Heap after GC invocations=18 (full 4):
 PSYoungGen      total 76288K, used 0K [0x00000000f5580000, 0x00000000faf00000, 0x0000000100000000)
  eden space 62464K, 0% used [0x00000000f5580000,0x00000000f5580000,0x00000000f9280000)
  from space 13824K, 0% used [0x00000000fa080000,0x00000000fa080000,0x00000000fae00000)
  to   space 14336K, 0% used [0x00000000f9280000,0x00000000f9280000,0x00000000fa080000)
 ParOldGen       total 43008K, used 26812K [0x00000000e0000000, 0x00000000e2a00000, 0x00000000f5580000)
  object space 43008K, 62% used [0x00000000e0000000,0x00000000e1a2f0c0,0x00000000e2a00000)
 Metaspace       used 43691K, capacity 44182K, committed 44456K, reserved 1085440K
  class space    used 8134K, capacity 8284K, committed 8360K, reserved 1048576K
}
Event: 10.452 GC heap before
{Heap before GC invocations=19 (full 4):
 PSYoungGen      total 76288K, used 62464K [0x00000000f5580000, 0x00000000faf00000, 0x0000000100000000)
  eden space 62464K, 100% used [0x00000000f5580000,0x00000000f9280000,0x00000000f9280000)
  from space 13824K, 0% used [0x00000000fa080000,0x00000000fa080000,0x00000000fae00000)
  to   space 14336K, 0% used [0x00000000f9280000,0x00000000f9280000,0x00000000fa080000)
 ParOldGen       total 43008K, used 26812K [0x00000000e0000000, 0x00000000e2a00000, 0x00000000f5580000)
  object space 43008K, 62% used [0x00000000e0000000,0x00000000e1a2f0c0,0x00000000e2a00000)
 Metaspace       used 44948K, capacity 45648K, committed 45992K, reserved 1087488K
  class space    used 8326K, capacity 8522K, committed 8616K, reserved 1048576K
Event: 10.454 GC heap after
Heap after GC invocations=19 (full 4):
 PSYoungGen      total 76800K, used 2012K [0x00000000f5580000, 0x00000000faf00000, 0x0000000100000000)
  eden space 62464K, 0% used [0x00000000f5580000,0x00000000f5580000,0x00000000f9280000)
  from space 14336K, 14% used [0x00000000f9280000,0x00000000f9477240,0x00000000fa080000)
  to   space 13824K, 0% used [0x00000000fa080000,0x00000000fa080000,0x00000000fae00000)
 ParOldGen       total 43008K, used 26820K [0x00000000e0000000, 0x00000000e2a00000, 0x00000000f5580000)
  object space 43008K, 62% used [0x00000000e0000000,0x00000000e1a310c0,0x00000000e2a00000)
 Metaspace       used 44948K, capacity 45648K, committed 45992K, reserved 1087488K
  class space    used 8326K, capacity 8522K, committed 8616K, reserved 1048576K
}

