# JRE version: Java(TM) SE Runtime Environment (8.0_121-b13) (build 1.8.0_121-b13)
# Java VM: Java HotSpot(TM) 64-Bit Server VM (25.121-b13 mixed mode windows-amd64 compressed oops)
Heap:
 PSYoungGen      total 146944K, used 9373K [0x00000000f5580000, 0x00000000ffe80000, 0x0000000100000000)
  eden space 121344K, 7% used [0x00000000f5580000,0x00000000f5ea7758,0x00000000fcc00000)
  from space 25600K, 0% used [0x00000000fe580000,0x00000000fe580000,0x00000000ffe80000)
  to   space 7168K, 0% used [0x00000000fcc00000,0x00000000fcc00000,0x00000000fd300000)
 ParOldGen       total 66048K, used 56016K [0x00000000e0000000, 0x00000000e4080000, 0x00000000f5580000)
  object space 66048K, 84% used [0x00000000e0000000,0x00000000e36b4208,0x00000000e4080000)
 Metaspace       used 77134K, capacity 77759K, committed 78120K, reserved 1114112K
  class space    used 14134K, capacity 14312K, committed 14376K, reserved 1048576K
GC Heap History (10 events):
Event: 15.471 GC heap before
{Heap before GC invocations=23 (full 5):
 PSYoungGen      total 147456K, used 15192K [0x00000000f5580000, 0x0000000100000000, 0x0000000100000000)
  eden space 121344K, 0% used [0x00000000f5580000,0x00000000f5580000,0x00000000fcc00000)
  from space 26112K, 58% used [0x00000000fe680000,0x00000000ff556288,0x0000000100000000)
  to   space 26624K, 0% used [0x00000000fcc00000,0x00000000fcc00000,0x00000000fe600000)
 ParOldGen       total 66048K, used 51122K [0x00000000e0000000, 0x00000000e4080000, 0x00000000f5580000)
  object space 66048K, 77% used [0x00000000e0000000,0x00000000e31ec850,0x00000000e4080000)
 Metaspace       used 73288K, capacity 73922K, committed 74096K, reserved 1110016K
  class space    used 13564K, capacity 13776K, committed 13864K, reserved 1048576K
Event: 15.570 GC heap after
Heap after GC invocations=23 (full 5):
 PSYoungGen      total 147456K, used 0K [0x00000000f5580000, 0x0000000100000000, 0x0000000100000000)
  eden space 121344K, 0% used [0x00000000f5580000,0x00000000f5580000,0x00000000fcc00000)
  from space 26112K, 0% used [0x00000000fe680000,0x00000000fe680000,0x0000000100000000)
  to   space 26624K, 0% used [0x00000000fcc00000,0x00000000fcc00000,0x00000000fe600000)
 ParOldGen       total 66048K, used 51146K [0x00000000e0000000, 0x00000000e4080000, 0x00000000f5580000)
  object space 66048K, 77% used [0x00000000e0000000,0x00000000e31f29c8,0x00000000e4080000)
 Metaspace       used 73268K, capacity 73898K, committed 74096K, reserved 1110016K
  class space    used 13559K, capacity 13768K, committed 13864K, reserved 1048576K
}
Event: 16.055 GC heap before
{Heap before GC invocations=24 (full 5):
 PSYoungGen      total 147456K, used 24149K [0x00000000f5580000, 0x0000000100000000, 0x0000000100000000)
  eden space 121344K, 19% used [0x00000000f5580000,0x00000000f6d15788,0x00000000fcc00000)
  from space 26112K, 0% used [0x00000000fe680000,0x00000000fe680000,0x0000000100000000)
  to   space 26624K, 0% used [0x00000000fcc00000,0x00000000fcc00000,0x00000000fe600000)
 ParOldGen       total 66048K, used 51146K [0x00000000e0000000, 0x00000000e4080000, 0x00000000f5580000)
  object space 66048K, 77% used [0x00000000e0000000,0x00000000e31f29c8,0x00000000e4080000)
 Metaspace       used 76970K, capacity 77611K, committed 77864K, reserved 1116160K
  class space    used 14102K, capacity 14280K, committed 14376K, reserved 1048576K
Event: 16.059 GC heap after
Heap after GC invocations=24 (full 5):
 PSYoungGen      total 128512K, used 6828K [0x00000000f5580000, 0x00000000ffe80000, 0x0000000100000000)
  eden space 121344K, 0% used [0x00000000f5580000,0x00000000f5580000,0x00000000fcc00000)
  from space 7168K, 95% used [0x00000000fcc00000,0x00000000fd2ab3c0,0x00000000fd300000)
  to   space 25600K, 0% used [0x00000000fe580000,0x00000000fe580000,0x00000000ffe80000)
 ParOldGen       total 66048K, used 51154K [0x00000000e0000000, 0x00000000e4080000, 0x00000000f5580000)
  object space 66048K, 77% used [0x00000000e0000000,0x00000000e31f49c8,0x00000000e4080000)
 Metaspace       used 76970K, capacity 77611K, committed 77864K, reserved 1116160K
  class space    used 14102K, capacity 14280K, committed 14376K, reserved 1048576K
}
Event: 16.059 GC heap before
{Heap before GC invocations=25 (full 6):
 PSYoungGen      total 128512K, used 6828K [0x00000000f5580000, 0x00000000ffe80000, 0x0000000100000000)
  eden space 121344K, 0% used [0x00000000f5580000,0x00000000f5580000,0x00000000fcc00000)
  from space 7168K, 95% used [0x00000000fcc00000,0x00000000fd2ab3c0,0x00000000fd300000)
  to   space 25600K, 0% used [0x00000000fe580000,0x00000000fe580000,0x00000000ffe80000)
 ParOldGen       total 66048K, used 51154K [0x00000000e0000000, 0x00000000e4080000, 0x00000000f5580000)
  object space 66048K, 77% used [0x00000000e0000000,0x00000000e31f49c8,0x00000000e4080000)
 Metaspace       used 76970K, capacity 77611K, committed 77864K, reserved 1116160K
  class space    used 14102K, capacity 14280K, committed 14376K, reserved 1048576K
Event: 16.329 GC heap after
Heap after GC invocations=25 (full 6):
 PSYoungGen      total 128512K, used 0K [0x00000000f5580000, 0x00000000ffe80000, 0x0000000100000000)
  eden space 121344K, 0% used [0x00000000f5580000,0x00000000f5580000,0x00000000fcc00000)
  from space 7168K, 0% used [0x00000000fcc00000,0x00000000fcc00000,0x00000000fd300000)
  to   space 25600K, 0% used [0x00000000fe580000,0x00000000fe580000,0x00000000ffe80000)
 ParOldGen       total 66048K, used 56552K [0x00000000e0000000, 0x00000000e4080000, 0x00000000f5580000)
  object space 66048K, 85% used [0x00000000e0000000,0x00000000e373a218,0x00000000e4080000)
 Metaspace       used 76970K, capacity 77611K, committed 77864K, reserved 1114112K
  class space    used 14102K, capacity 14280K, committed 14376K, reserved 1048576K
}
Event: 16.329 GC heap before
{Heap before GC invocations=26 (full 6):
 PSYoungGen      total 128512K, used 0K [0x00000000f5580000, 0x00000000ffe80000, 0x0000000100000000)
  eden space 121344K, 0% used [0x00000000f5580000,0x00000000f5580000,0x00000000fcc00000)
  from space 7168K, 0% used [0x00000000fcc00000,0x00000000fcc00000,0x00000000fd300000)
  to   space 25600K, 0% used [0x00000000fe580000,0x00000000fe580000,0x00000000ffe80000)
 ParOldGen       total 66048K, used 56552K [0x00000000e0000000, 0x00000000e4080000, 0x00000000f5580000)
  object space 66048K, 85% used [0x00000000e0000000,0x00000000e373a218,0x00000000e4080000)
 Metaspace       used 76970K, capacity 77611K, committed 77864K, reserved 1118208K
  class space    used 14102K, capacity 14280K, committed 14376K, reserved 1048576K
Event: 16.330 GC heap after
Heap after GC invocations=26 (full 6):
 PSYoungGen      total 146944K, used 0K [0x00000000f5580000, 0x00000000ffe80000, 0x0000000100000000)
  eden space 121344K, 0% used [0x00000000f5580000,0x00000000f5580000,0x00000000fcc00000)
  from space 25600K, 0% used [0x00000000fe580000,0x00000000fe580000,0x00000000ffe80000)
  to   space 7168K, 0% used [0x00000000fcc00000,0x00000000fcc00000,0x00000000fd300000)
 ParOldGen       total 66048K, used 56552K [0x00000000e0000000, 0x00000000e4080000, 0x00000000f5580000)
  object space 66048K, 85% used [0x00000000e0000000,0x00000000e373a218,0x00000000e4080000)
 Metaspace       used 76970K, capacity 77611K, committed 77864K, reserved 1118208K
  class space    used 14102K, capacity 14280K, committed 14376K, reserved 1048576K
}
Event: 16.330 GC heap before
{Heap before GC invocations=27 (full 7):
 PSYoungGen      total 146944K, used 0K [0x00000000f5580000, 0x00000000ffe80000, 0x0000000100000000)
  eden space 121344K, 0% used [0x00000000f5580000,0x00000000f5580000,0x00000000fcc00000)
  from space 25600K, 0% used [0x00000000fe580000,0x00000000fe580000,0x00000000ffe80000)
  to   space 7168K, 0% used [0x00000000fcc00000,0x00000000fcc00000,0x00000000fd300000)
 ParOldGen       total 66048K, used 56552K [0x00000000e0000000, 0x00000000e4080000, 0x00000000f5580000)
  object space 66048K, 85% used [0x00000000e0000000,0x00000000e373a218,0x00000000e4080000)
 Metaspace       used 76970K, capacity 77611K, committed 77864K, reserved 1118208K
  class space    used 14102K, capacity 14280K, committed 14376K, reserved 1048576K
Event: 16.604 GC heap after
Heap after GC invocations=27 (full 7):
 PSYoungGen      total 146944K, used 0K [0x00000000f5580000, 0x00000000ffe80000, 0x0000000100000000)
  eden space 121344K, 0% used [0x00000000f5580000,0x00000000f5580000,0x00000000fcc00000)
  from space 25600K, 0% used [0x00000000fe580000,0x00000000fe580000,0x00000000ffe80000)
  to   space 7168K, 0% used [0x00000000fcc00000,0x00000000fcc00000,0x00000000fd300000)
 ParOldGen       total 66048K, used 56016K [0x00000000e0000000, 0x00000000e4080000, 0x00000000f5580000)
  object space 66048K, 84% used [0x00000000e0000000,0x00000000e36b4208,0x00000000e4080000)
 Metaspace       used 76862K, capacity 77439K, committed 77864K, reserved 1114112K
  class space    used 14085K, capacity 14248K, committed 14376K, reserved 1048576K
}

