# JRE version: Java(TM) SE Runtime Environment (8.0_121-b13) (build 1.8.0_121-b13)
# Java VM: Java HotSpot(TM) 64-Bit Server VM (25.121-b13 mixed mode windows-amd64 compressed oops)
Heap:
 PSYoungGen      total 147456K, used 47260K [0x00000000f5580000, 0x0000000100000000, 0x0000000100000000)
  eden space 122368K, 38% used [0x00000000f5580000,0x00000000f83a7398,0x00000000fcd00000)
  from space 25088K, 0% used [0x00000000fe780000,0x00000000fe780000,0x0000000100000000)
  to   space 26112K, 0% used [0x00000000fcd00000,0x00000000fcd00000,0x00000000fe680000)
 ParOldGen       total 65024K, used 64995K [0x00000000e0000000, 0x00000000e3f80000, 0x00000000f5580000)
  object space 65024K, 99% used [0x00000000e0000000,0x00000000e3f78f28,0x00000000e3f80000)
 Metaspace       used 86053K, capacity 86753K, committed 87208K, reserved 1120256K
  class space    used 15464K, capacity 15689K, committed 15784K, reserved 1048576K
GC Heap History (10 events):
Event: 10.767 GC heap before
{Heap before GC invocations=20 (full 4):
 PSYoungGen      total 107520K, used 101938K [0x00000000f5580000, 0x00000000fe000000, 0x0000000100000000)
  eden space 93184K, 100% used [0x00000000f5580000,0x00000000fb080000,0x00000000fb080000)
  from space 14336K, 61% used [0x00000000fb080000,0x00000000fb90ca50,0x00000000fbe80000)
  to   space 14336K, 0% used [0x00000000fd200000,0x00000000fd200000,0x00000000fe000000)
 ParOldGen       total 65024K, used 26823K [0x00000000e0000000, 0x00000000e3f80000, 0x00000000f5580000)
  object space 65024K, 41% used [0x00000000e0000000,0x00000000e1a31ca0,0x00000000e3f80000)
 Metaspace       used 56026K, capacity 56674K, committed 56744K, reserved 1095680K
  class space    used 10732K, capacity 10916K, committed 10920K, reserved 1048576K
Event: 10.773 GC heap after
Heap after GC invocations=20 (full 4):
 PSYoungGen      total 127488K, used 8633K [0x00000000f5580000, 0x00000000fe000000, 0x0000000100000000)
  eden space 113152K, 0% used [0x00000000f5580000,0x00000000f5580000,0x00000000fc400000)
  from space 14336K, 60% used [0x00000000fd200000,0x00000000fda6e5f0,0x00000000fe000000)
  to   space 14336K, 0% used [0x00000000fc400000,0x00000000fc400000,0x00000000fd200000)
 ParOldGen       total 65024K, used 26831K [0x00000000e0000000, 0x00000000e3f80000, 0x00000000f5580000)
  object space 65024K, 41% used [0x00000000e0000000,0x00000000e1a33ca0,0x00000000e3f80000)
 Metaspace       used 56026K, capacity 56674K, committed 56744K, reserved 1095680K
  class space    used 10732K, capacity 10916K, committed 10920K, reserved 1048576K
}
Event: 12.645 GC heap before
{Heap before GC invocations=21 (full 4):
 PSYoungGen      total 127488K, used 121785K [0x00000000f5580000, 0x00000000fe000000, 0x0000000100000000)
  eden space 113152K, 100% used [0x00000000f5580000,0x00000000fc400000,0x00000000fc400000)
  from space 14336K, 60% used [0x00000000fd200000,0x00000000fda6e5f0,0x00000000fe000000)
  to   space 14336K, 0% used [0x00000000fc400000,0x00000000fc400000,0x00000000fd200000)
 ParOldGen       total 65024K, used 26831K [0x00000000e0000000, 0x00000000e3f80000, 0x00000000f5580000)
  object space 65024K, 41% used [0x00000000e0000000,0x00000000e1a33ca0,0x00000000e3f80000)
 Metaspace       used 70853K, capacity 71602K, committed 71976K, reserved 1107968K
  class space    used 13312K, capacity 13520K, committed 13608K, reserved 1048576K
Event: 12.666 GC heap after
Heap after GC invocations=21 (full 4):
 PSYoungGen      total 127488K, used 14331K [0x00000000f5580000, 0x0000000100000000, 0x0000000100000000)
  eden space 113152K, 0% used [0x00000000f5580000,0x00000000f5580000,0x00000000fc400000)
  from space 14336K, 99% used [0x00000000fc400000,0x00000000fd1fed30,0x00000000fd200000)
  to   space 25088K, 0% used [0x00000000fe780000,0x00000000fe780000,0x0000000100000000)
 ParOldGen       total 65024K, used 50217K [0x00000000e0000000, 0x00000000e3f80000, 0x00000000f5580000)
  object space 65024K, 77% used [0x00000000e0000000,0x00000000e310a6e0,0x00000000e3f80000)
 Metaspace       used 70853K, capacity 71602K, committed 71976K, reserved 1107968K
  class space    used 13312K, capacity 13520K, committed 13608K, reserved 1048576K
}
Event: 12.803 GC heap before
{Heap before GC invocations=22 (full 4):
 PSYoungGen      total 127488K, used 25417K [0x00000000f5580000, 0x0000000100000000, 0x0000000100000000)
  eden space 113152K, 9% used [0x00000000f5580000,0x00000000f6053788,0x00000000fc400000)
  from space 14336K, 99% used [0x00000000fc400000,0x00000000fd1fed30,0x00000000fd200000)
  to   space 25088K, 0% used [0x00000000fe780000,0x00000000fe780000,0x0000000100000000)
 ParOldGen       total 65024K, used 50217K [0x00000000e0000000, 0x00000000e3f80000, 0x00000000f5580000)
  object space 65024K, 77% used [0x00000000e0000000,0x00000000e310a6e0,0x00000000e3f80000)
 Metaspace       used 73167K, capacity 73874K, committed 74096K, reserved 1110016K
  class space    used 13532K, capacity 13744K, committed 13864K, reserved 1048576K
Event: 12.818 GC heap after
Heap after GC invocations=22 (full 4):
 PSYoungGen      total 147456K, used 16464K [0x00000000f5580000, 0x0000000100000000, 0x0000000100000000)
  eden space 122368K, 0% used [0x00000000f5580000,0x00000000f5580000,0x00000000fcd00000)
  from space 25088K, 65% used [0x00000000fe780000,0x00000000ff7943e0,0x0000000100000000)
  to   space 26112K, 0% used [0x00000000fcd00000,0x00000000fcd00000,0x00000000fe680000)
 ParOldGen       total 65024K, used 50217K [0x00000000e0000000, 0x00000000e3f80000, 0x00000000f5580000)
  object space 65024K, 77% used [0x00000000e0000000,0x00000000e310a6e0,0x00000000e3f80000)
 Metaspace       used 73167K, capacity 73874K, committed 74096K, reserved 1110016K
  class space    used 13532K, capacity 13744K, committed 13864K, reserved 1048576K
}
Event: 12.818 GC heap before
{Heap before GC invocations=23 (full 5):
 PSYoungGen      total 147456K, used 16464K [0x00000000f5580000, 0x0000000100000000, 0x0000000100000000)
  eden space 122368K, 0% used [0x00000000f5580000,0x00000000f5580000,0x00000000fcd00000)
  from space 25088K, 65% used [0x00000000fe780000,0x00000000ff7943e0,0x0000000100000000)
  to   space 26112K, 0% used [0x00000000fcd00000,0x00000000fcd00000,0x00000000fe680000)
 ParOldGen       total 65024K, used 50217K [0x00000000e0000000, 0x00000000e3f80000, 0x00000000f5580000)
  object space 65024K, 77% used [0x00000000e0000000,0x00000000e310a6e0,0x00000000e3f80000)
 Metaspace       used 73167K, capacity 73874K, committed 74096K, reserved 1110016K
  class space    used 13532K, capacity 13744K, committed 13864K, reserved 1048576K
Event: 12.924 GC heap after
Heap after GC invocations=23 (full 5):
 PSYoungGen      total 147456K, used 0K [0x00000000f5580000, 0x0000000100000000, 0x0000000100000000)
  eden space 122368K, 0% used [0x00000000f5580000,0x00000000f5580000,0x00000000fcd00000)
  from space 25088K, 0% used [0x00000000fe780000,0x00000000fe780000,0x0000000100000000)
  to   space 26112K, 0% used [0x00000000fcd00000,0x00000000fcd00000,0x00000000fe680000)
 ParOldGen       total 65024K, used 52636K [0x00000000e0000000, 0x00000000e3f80000, 0x00000000f5580000)
  object space 65024K, 80% used [0x00000000e0000000,0x00000000e33673e0,0x00000000e3f80000)
 Metaspace       used 73147K, capacity 73850K, committed 74096K, reserved 1110016K
  class space    used 13527K, capacity 13736K, committed 13864K, reserved 1048576K
}
Event: 15.993 GC heap before
{Heap before GC invocations=24 (full 6):
 PSYoungGen      total 147456K, used 122368K [0x00000000f5580000, 0x0000000100000000, 0x0000000100000000)
  eden space 122368K, 100% used [0x00000000f5580000,0x00000000fcd00000,0x00000000fcd00000)
  from space 25088K, 0% used [0x00000000fe780000,0x00000000fe780000,0x0000000100000000)
  to   space 26112K, 0% used [0x00000000fcd00000,0x00000000fcd00000,0x00000000fe680000)
 ParOldGen       total 65024K, used 52636K [0x00000000e0000000, 0x00000000e3f80000, 0x00000000f5580000)
  object space 65024K, 80% used [0x00000000e0000000,0x00000000e33673e0,0x00000000e3f80000)
 Metaspace       used 84730K, capacity 85441K, committed 85800K, reserved 1120256K
  class space    used 15304K, capacity 15529K, committed 15656K, reserved 1048576K
Event: 16.344 GC heap after
Heap after GC invocations=24 (full 6):
 PSYoungGen      total 147456K, used 8542K [0x00000000f5580000, 0x0000000100000000, 0x0000000100000000)
  eden space 122368K, 6% used [0x00000000f5580000,0x00000000f5dd7858,0x00000000fcd00000)
  from space 25088K, 0% used [0x00000000fe780000,0x00000000fe780000,0x0000000100000000)
  to   space 26112K, 0% used [0x00000000fcd00000,0x00000000fcd00000,0x00000000fe680000)
 ParOldGen       total 65024K, used 64995K [0x00000000e0000000, 0x00000000e3f80000, 0x00000000f5580000)
  object space 65024K, 99% used [0x00000000e0000000,0x00000000e3f78f28,0x00000000e3f80000)
 Metaspace       used 84730K, capacity 85441K, committed 85800K, reserved 1120256K
  class space    used 15304K, capacity 15529K, committed 15656K, reserved 1048576K
}

