# JRE version: Java(TM) SE Runtime Environment (8.0_111-b14) (build 1.8.0_111-b14)
# Java VM: Java HotSpot(TM) Client VM (25.111-b14 mixed mode windows-x86 )
Heap:
 def new generation   total 5184K, used 528K [0x0b200000, 0x0b790000, 0x15ca0000)
  eden space 4672K,   3% used [0x0b200000, 0x0b227d88, 0x0b690000)
  from space 512K,  72% used [0x0b690000, 0x0b6ec368, 0x0b710000)
  to   space 512K,   0% used [0x0b710000, 0x0b710000, 0x0b790000)
 tenured generation   total 11200K, used 10818K [0x15ca0000, 0x16790000, 0x2b200000)
   the space 11200K,  96% used [0x15ca0000, 0x16730a00, 0x16730a00, 0x16790000)
 Metaspace       used 24857K, capacity 25077K, committed 25088K, reserved 31104K
GC Heap History (10 events):
Event: 4.021 GC heap after
Heap after GC invocations=63 (full 3):
 def new generation   total 5184K, used 511K [0x0b200000, 0x0b790000, 0x15ca0000)
  eden space 4672K,   0% used [0x0b200000, 0x0b200000, 0x0b690000)
  from space 512K,  99% used [0x0b690000, 0x0b70fff8, 0x0b710000)
  to   space 512K,   0% used [0x0b710000, 0x0b710000, 0x0b790000)
 tenured generation   total 11200K, used 9413K [0x15ca0000, 0x16790000, 0x2b200000)
   the space 11200K,  84% used [0x15ca0000, 0x165d16f8, 0x165d1800, 0x16790000)
 Metaspace       used 23568K, capacity 23683K, committed 23808K, reserved 23936K
}
Event: 4.061 GC heap before
{Heap before GC invocations=63 (full 3):
 def new generation   total 5184K, used 5176K [0x0b200000, 0x0b790000, 0x15ca0000)
  eden space 4672K,  99% used [0x0b200000, 0x0b68e028, 0x0b690000)
  from space 512K,  99% used [0x0b690000, 0x0b70fff8, 0x0b710000)
  to   space 512K,   0% used [0x0b710000, 0x0b710000, 0x0b790000)
 tenured generation   total 11200K, used 9413K [0x15ca0000, 0x16790000, 0x2b200000)
   the space 11200K,  84% used [0x15ca0000, 0x165d16f8, 0x165d1800, 0x16790000)
 Metaspace       used 23650K, capacity 23747K, committed 23808K, reserved 23936K
Event: 4.063 GC heap after
Heap after GC invocations=64 (full 3):
 def new generation   total 5184K, used 179K [0x0b200000, 0x0b790000, 0x15ca0000)
  eden space 4672K,   0% used [0x0b200000, 0x0b200000, 0x0b690000)
  from space 512K,  35% used [0x0b710000, 0x0b73cf00, 0x0b790000)
  to   space 512K,   0% used [0x0b690000, 0x0b690000, 0x0b710000)
 tenured generation   total 11200K, used 9872K [0x15ca0000, 0x16790000, 0x2b200000)
   the space 11200K,  88% used [0x15ca0000, 0x166442a0, 0x16644400, 0x16790000)
 Metaspace       used 23650K, capacity 23747K, committed 23808K, reserved 23936K
}
Event: 4.115 GC heap before
{Heap before GC invocations=64 (full 3):
 def new generation   total 5184K, used 4851K [0x0b200000, 0x0b790000, 0x15ca0000)
  eden space 4672K, 100% used [0x0b200000, 0x0b690000, 0x0b690000)
  from space 512K,  35% used [0x0b710000, 0x0b73cf00, 0x0b790000)
  to   space 512K,   0% used [0x0b690000, 0x0b690000, 0x0b710000)
 tenured generation   total 11200K, used 9872K [0x15ca0000, 0x16790000, 0x2b200000)
   the space 11200K,  88% used [0x15ca0000, 0x166442a0, 0x16644400, 0x16790000)
 Metaspace       used 23952K, capacity 24067K, committed 24192K, reserved 24960K
Event: 4.117 GC heap after
Heap after GC invocations=65 (full 3):
 def new generation   total 5184K, used 511K [0x0b200000, 0x0b790000, 0x15ca0000)
  eden space 4672K,   0% used [0x0b200000, 0x0b200000, 0x0b690000)
  from space 512K,  99% used [0x0b690000, 0x0b70fff8, 0x0b710000)
  to   space 512K,   0% used [0x0b710000, 0x0b710000, 0x0b790000)
 tenured generation   total 11200K, used 10065K [0x15ca0000, 0x16790000, 0x2b200000)
   the space 11200K,  89% used [0x15ca0000, 0x166745a8, 0x16674600, 0x16790000)
 Metaspace       used 23952K, capacity 24067K, committed 24192K, reserved 24960K
}
Event: 4.188 GC heap before
{Heap before GC invocations=65 (full 3):
 def new generation   total 5184K, used 5183K [0x0b200000, 0x0b790000, 0x15ca0000)
  eden space 4672K, 100% used [0x0b200000, 0x0b690000, 0x0b690000)
  from space 512K,  99% used [0x0b690000, 0x0b70fff8, 0x0b710000)
  to   space 512K,   0% used [0x0b710000, 0x0b710000, 0x0b790000)
 tenured generation   total 11200K, used 10065K [0x15ca0000, 0x16790000, 0x2b200000)
   the space 11200K,  89% used [0x15ca0000, 0x166745a8, 0x16674600, 0x16790000)
 Metaspace       used 24473K, capacity 24637K, committed 24704K, reserved 25984K
Event: 4.191 GC heap after
Heap after GC invocations=66 (full 3):
 def new generation   total 5184K, used 511K [0x0b200000, 0x0b790000, 0x15ca0000)
  eden space 4672K,   0% used [0x0b200000, 0x0b200000, 0x0b690000)
  from space 512K,  99% used [0x0b710000, 0x0b78fff8, 0x0b790000)
  to   space 512K,   0% used [0x0b690000, 0x0b690000, 0x0b710000)
 tenured generation   total 11200K, used 10390K [0x15ca0000, 0x16790000, 0x2b200000)
   the space 11200K,  92% used [0x15ca0000, 0x166c5930, 0x166c5a00, 0x16790000)
 Metaspace       used 24473K, capacity 24637K, committed 24704K, reserved 25984K
}
Event: 4.270 GC heap before
{Heap before GC invocations=66 (full 3):
 def new generation   total 5184K, used 5183K [0x0b200000, 0x0b790000, 0x15ca0000)
  eden space 4672K, 100% used [0x0b200000, 0x0b690000, 0x0b690000)
  from space 512K,  99% used [0x0b710000, 0x0b78fff8, 0x0b790000)
  to   space 512K,   0% used [0x0b690000, 0x0b690000, 0x0b710000)
 tenured generation   total 11200K, used 10390K [0x15ca0000, 0x16790000, 0x2b200000)
   the space 11200K,  92% used [0x15ca0000, 0x166c5930, 0x166c5a00, 0x16790000)
 Metaspace       used 24852K, capacity 25077K, committed 25088K, reserved 29056K
Event: 4.272 GC heap after
Heap after GC invocations=67 (full 3):
 def new generation   total 5184K, used 368K [0x0b200000, 0x0b790000, 0x15ca0000)
  eden space 4672K,   0% used [0x0b200000, 0x0b200000, 0x0b690000)
  from space 512K,  72% used [0x0b690000, 0x0b6ec368, 0x0b710000)
  to   space 512K,   0% used [0x0b710000, 0x0b710000, 0x0b790000)
 tenured generation   total 11200K, used 10818K [0x15ca0000, 0x16790000, 0x2b200000)
   the space 11200K,  96% used [0x15ca0000, 0x16730a00, 0x16730a00, 0x16790000)
 Metaspace       used 24852K, capacity 25077K, committed 25088K, reserved 29056K
}
Event: 4.274 GC heap before
{Heap before GC invocations=67 (full 3):
 def new generation   total 5184K, used 528K [0x0b200000, 0x0b790000, 0x15ca0000)
  eden space 4672K,   3% used [0x0b200000, 0x0b227d88, 0x0b690000)
  from space 512K,  72% used [0x0b690000, 0x0b6ec368, 0x0b710000)
  to   space 512K,   0% used [0x0b710000, 0x0b710000, 0x0b790000)
 tenured generation   total 11200K, used 10818K [0x15ca0000, 0x16790000, 0x2b200000)
   the space 11200K,  96% used [0x15ca0000, 0x16730a00, 0x16730a00, 0x16790000)
 Metaspace       used 24857K, capacity 25077K, committed 25088K, reserved 31104K

