# JRE version: Java(TM) SE Runtime Environment (8.0_121-b13) (build 1.8.0_121-b13)
# Java VM: Java HotSpot(TM) 64-Bit Server VM (25.121-b13 mixed mode windows-amd64 compressed oops)
Heap:
 PSYoungGen      total 154112K, used 67347K [0x00000000f5580000, 0x00000000fff00000, 0x0000000100000000)
  eden space 137216K, 45% used [0x00000000f5580000,0x00000000f9254090,0x00000000fdb80000)
  from space 16896K, 29% used [0x00000000feb00000,0x00000000feff0c80,0x00000000ffb80000)
  to   space 15872K, 0% used [0x00000000fdb80000,0x00000000fdb80000,0x00000000feb00000)
 ParOldGen       total 67072K, used 26794K [0x00000000e0000000, 0x00000000e4180000, 0x00000000f5580000)
  object space 67072K, 39% used [0x00000000e0000000,0x00000000e1a2aaf0,0x00000000e4180000)
 Metaspace       used 51033K, capacity 51634K, committed 51880K, reserved 1091584K
  class space    used 9463K, capacity 9636K, committed 9640K, reserved 1048576K
GC Heap History (10 events):
Event: 3.969 GC heap before
{Heap before GC invocations=12 (full 2):
 PSYoungGen      total 123392K, used 41409K [0x00000000f5580000, 0x00000000ff680000, 0x0000000100000000)
  eden space 113664K, 27% used [0x00000000f5580000,0x00000000f74736c0,0x00000000fc480000)
  from space 9728K, 99% used [0x00000000fc480000,0x00000000fcdfd060,0x00000000fce00000)
  to   space 14336K, 0% used [0x00000000fe880000,0x00000000fe880000,0x00000000ff680000)
 ParOldGen       total 67072K, used 16334K [0x00000000e0000000, 0x00000000e4180000, 0x00000000f5580000)
  object space 67072K, 24% used [0x00000000e0000000,0x00000000e0ff3960,0x00000000e4180000)
 Metaspace       used 43671K, capacity 44134K, committed 44456K, reserved 1085440K
  class space    used 8133K, capacity 8284K, committed 8360K, reserved 1048576K
Event: 3.976 GC heap after
Heap after GC invocations=12 (full 2):
 PSYoungGen      total 148992K, used 14219K [0x00000000f5580000, 0x00000000ff980000, 0x0000000100000000)
  eden space 134656K, 0% used [0x00000000f5580000,0x00000000f5580000,0x00000000fd900000)
  from space 14336K, 99% used [0x00000000fe880000,0x00000000ff662e60,0x00000000ff680000)
  to   space 15872K, 0% used [0x00000000fd900000,0x00000000fd900000,0x00000000fe880000)
 ParOldGen       total 67072K, used 16342K [0x00000000e0000000, 0x00000000e4180000, 0x00000000f5580000)
  object space 67072K, 24% used [0x00000000e0000000,0x00000000e0ff5960,0x00000000e4180000)
 Metaspace       used 43671K, capacity 44134K, committed 44456K, reserved 1085440K
  class space    used 8133K, capacity 8284K, committed 8360K, reserved 1048576K
}
Event: 3.976 GC heap before
{Heap before GC invocations=13 (full 3):
 PSYoungGen      total 148992K, used 14219K [0x00000000f5580000, 0x00000000ff980000, 0x0000000100000000)
  eden space 134656K, 0% used [0x00000000f5580000,0x00000000f5580000,0x00000000fd900000)
  from space 14336K, 99% used [0x00000000fe880000,0x00000000ff662e60,0x00000000ff680000)
  to   space 15872K, 0% used [0x00000000fd900000,0x00000000fd900000,0x00000000fe880000)
 ParOldGen       total 67072K, used 16342K [0x00000000e0000000, 0x00000000e4180000, 0x00000000f5580000)
  object space 67072K, 24% used [0x00000000e0000000,0x00000000e0ff5960,0x00000000e4180000)
 Metaspace       used 43671K, capacity 44134K, committed 44456K, reserved 1085440K
  class space    used 8133K, capacity 8284K, committed 8360K, reserved 1048576K
Event: 4.134 GC heap after
Heap after GC invocations=13 (full 3):
 PSYoungGen      total 148992K, used 0K [0x00000000f5580000, 0x00000000ff980000, 0x0000000100000000)
  eden space 134656K, 0% used [0x00000000f5580000,0x00000000f5580000,0x00000000fd900000)
  from space 14336K, 0% used [0x00000000fe880000,0x00000000fe880000,0x00000000ff680000)
  to   space 15872K, 0% used [0x00000000fd900000,0x00000000fd900000,0x00000000fe880000)
 ParOldGen       total 67072K, used 27163K [0x00000000e0000000, 0x00000000e4180000, 0x00000000f5580000)
  object space 67072K, 40% used [0x00000000e0000000,0x00000000e1a86eb8,0x00000000e4180000)
 Metaspace       used 43671K, capacity 44134K, committed 44456K, reserved 1085440K
  class space    used 8133K, capacity 8284K, committed 8360K, reserved 1048576K
}
Event: 4.134 GC heap before
{Heap before GC invocations=14 (full 3):
 PSYoungGen      total 148992K, used 1615K [0x00000000f5580000, 0x00000000ff980000, 0x0000000100000000)
  eden space 134656K, 1% used [0x00000000f5580000,0x00000000f5713e08,0x00000000fd900000)
  from space 14336K, 0% used [0x00000000fe880000,0x00000000fe880000,0x00000000ff680000)
  to   space 15872K, 0% used [0x00000000fd900000,0x00000000fd900000,0x00000000fe880000)
 ParOldGen       total 67072K, used 27163K [0x00000000e0000000, 0x00000000e4180000, 0x00000000f5580000)
  object space 67072K, 40% used [0x00000000e0000000,0x00000000e1a86eb8,0x00000000e4180000)
 Metaspace       used 43673K, capacity 44134K, committed 44456K, reserved 1085440K
  class space    used 8134K, capacity 8284K, committed 8360K, reserved 1048576K
Event: 4.135 GC heap after
Heap after GC invocations=14 (full 3):
 PSYoungGen      total 150528K, used 64K [0x00000000f5580000, 0x00000000ffb80000, 0x0000000100000000)
  eden space 134656K, 0% used [0x00000000f5580000,0x00000000f5580000,0x00000000fd900000)
  from space 15872K, 0% used [0x00000000fd900000,0x00000000fd910000,0x00000000fe880000)
  to   space 16896K, 0% used [0x00000000feb00000,0x00000000feb00000,0x00000000ffb80000)
 ParOldGen       total 67072K, used 27163K [0x00000000e0000000, 0x00000000e4180000, 0x00000000f5580000)
  object space 67072K, 40% used [0x00000000e0000000,0x00000000e1a86eb8,0x00000000e4180000)
 Metaspace       used 43673K, capacity 44134K, committed 44456K, reserved 1085440K
  class space    used 8134K, capacity 8284K, committed 8360K, reserved 1048576K
}
Event: 4.135 GC heap before
{Heap before GC invocations=15 (full 4):
 PSYoungGen      total 150528K, used 64K [0x00000000f5580000, 0x00000000ffb80000, 0x0000000100000000)
  eden space 134656K, 0% used [0x00000000f5580000,0x00000000f5580000,0x00000000fd900000)
  from space 15872K, 0% used [0x00000000fd900000,0x00000000fd910000,0x00000000fe880000)
  to   space 16896K, 0% used [0x00000000feb00000,0x00000000feb00000,0x00000000ffb80000)
 ParOldGen       total 67072K, used 27163K [0x00000000e0000000, 0x00000000e4180000, 0x00000000f5580000)
  object space 67072K, 40% used [0x00000000e0000000,0x00000000e1a86eb8,0x00000000e4180000)
 Metaspace       used 43673K, capacity 44134K, committed 44456K, reserved 1085440K
  class space    used 8134K, capacity 8284K, committed 8360K, reserved 1048576K
Event: 4.242 GC heap after
Heap after GC invocations=15 (full 4):
 PSYoungGen      total 150528K, used 0K [0x00000000f5580000, 0x00000000ffb80000, 0x0000000100000000)
  eden space 134656K, 0% used [0x00000000f5580000,0x00000000f5580000,0x00000000fd900000)
  from space 15872K, 0% used [0x00000000fd900000,0x00000000fd900000,0x00000000fe880000)
  to   space 16896K, 0% used [0x00000000feb00000,0x00000000feb00000,0x00000000ffb80000)
 ParOldGen       total 67072K, used 26786K [0x00000000e0000000, 0x00000000e4180000, 0x00000000f5580000)
  object space 67072K, 39% used [0x00000000e0000000,0x00000000e1a28af0,0x00000000e4180000)
 Metaspace       used 43673K, capacity 44134K, committed 44456K, reserved 1085440K
  class space    used 8134K, capacity 8284K, committed 8360K, reserved 1048576K
}
Event: 16.741 GC heap before
{Heap before GC invocations=16 (full 4):
 PSYoungGen      total 150528K, used 134656K [0x00000000f5580000, 0x00000000ffb80000, 0x0000000100000000)
  eden space 134656K, 100% used [0x00000000f5580000,0x00000000fd900000,0x00000000fd900000)
  from space 15872K, 0% used [0x00000000fd900000,0x00000000fd900000,0x00000000fe880000)
  to   space 16896K, 0% used [0x00000000feb00000,0x00000000feb00000,0x00000000ffb80000)
 ParOldGen       total 67072K, used 26786K [0x00000000e0000000, 0x00000000e4180000, 0x00000000f5580000)
  object space 67072K, 39% used [0x00000000e0000000,0x00000000e1a28af0,0x00000000e4180000)
 Metaspace       used 46574K, capacity 47218K, committed 47400K, reserved 1087488K
  class space    used 8759K, capacity 8932K, committed 9000K, reserved 1048576K
Event: 16.745 GC heap after
Heap after GC invocations=16 (full 4):
 PSYoungGen      total 154112K, used 5059K [0x00000000f5580000, 0x00000000fff00000, 0x0000000100000000)
  eden space 137216K, 0% used [0x00000000f5580000,0x00000000f5580000,0x00000000fdb80000)
  from space 16896K, 29% used [0x00000000feb00000,0x00000000feff0c80,0x00000000ffb80000)
  to   space 15872K, 0% used [0x00000000fdb80000,0x00000000fdb80000,0x00000000feb00000)
 ParOldGen       total 67072K, used 26794K [0x00000000e0000000, 0x00000000e4180000, 0x00000000f5580000)
  object space 67072K, 39% used [0x00000000e0000000,0x00000000e1a2aaf0,0x00000000e4180000)
 Metaspace       used 46574K, capacity 47218K, committed 47400K, reserved 1087488K
  class space    used 8759K, capacity 8932K, committed 9000K, reserved 1048576K
}

