[0m[[0minfo[0m] [0m[32mAnagramsSuite:[0m[0m
[0m[[0minfo[0m] [0m[32m- wordOccurrences: abcd[0m[0m
[0m[[0minfo[0m] [0m[32m- wordOccurrences: Robert[0m[0m
[0m[[0minfo[0m] [0m[32m- sentenceOccurrences: abcd e[0m[0m
[0m[[0minfo[0m] [0m[31m- sentenceOccurrences: Roberto Carlos *** FAILED ***[0m[0m
[0m[[0minfo[0m] [0m[31m  List((a,1), (b,1), (c,1), (e,1), (l,1), (o,2), (r,2), (s,1), (t,1)) did not equal List((a,1), (b,1), (c,1), (e,1), (l,1), (o,3), (r,3), (s,1), (t,1)) (AnagramsSuite.scala:27)[0m[0m
[0m[[0minfo[0m] [0m[32m- dictionaryByOccurrences.get: eat[0m[0m
[0m[[0minfo[0m] [0m[32m- word anagrams: married[0m[0m
[0m[[0minfo[0m] [0m[32m- word anagrams: player[0m[0m
[0m[[0minfo[0m] [0m[32m- subtract: lard - r[0m[0m
[0m[[0minfo[0m] [0m[32m- Substract : assessment - assess[0m[0m
[0m[[0minfo[0m] [0m[32m- combinations: [][0m[0m
[0m[[0minfo[0m] [0m[32m- combinations: abba[0m[0m
[0m[[0minfo[0m] [0m[31m- sentence anagrams: [] *** FAILED ***[0m[0m
[0m[[0minfo[0m] [0m[31m  scala.NotImplementedError: an implementation is missing[0m[0m
[0m[[0minfo[0m] [0m[31m  at scala.Predef$.$qmark$qmark$qmark(Predef.scala:225)[0m[0m
[0m[[0minfo[0m] [0m[31m  at forcomp.Anagrams$.sentenceAnagrams(Anagrams.scala:162)[0m[0m
[0m[[0minfo[0m] [0m[31m  at forcomp.AnagramsSuite$$anonfun$12.apply$mcV$sp(AnagramsSuite.scala:85)[0m[0m
[0m[[0minfo[0m] [0m[31m  at forcomp.AnagramsSuite$$anonfun$12.apply(AnagramsSuite.scala:83)[0m[0m
[0m[[0minfo[0m] [0m[31m  at forcomp.AnagramsSuite$$anonfun$12.apply(AnagramsSuite.scala:83)[0m[0m
[0m[[0minfo[0m] [0m[31m  at org.scalatest.Transformer$$anonfun$apply$1.apply$mcV$sp(Transformer.scala:22)[0m[0m
[0m[[0minfo[0m] [0m[31m  at org.scalatest.OutcomeOf$class.outcomeOf(OutcomeOf.scala:85)[0m[0m
[0m[[0minfo[0m] [0m[31m  at org.scalatest.OutcomeOf$.outcomeOf(OutcomeOf.scala:104)[0m[0m
[0m[[0minfo[0m] [0m[31m  at org.scalatest.Transformer.apply(Transformer.scala:22)[0m[0m
[0m[[0minfo[0m] [0m[31m  at org.scalatest.Transformer.apply(Transformer.scala:20)[0m[0m
[0m[[0minfo[0m] [0m[31m  ...[0m[0m
[0m[[0minfo[0m] [0m[31m- sentence anagrams: Linux rulez *** FAILED ***[0m[0m
[0m[[0minfo[0m] [0m[31m  scala.NotImplementedError: an implementation is missing[0m[0m
[0m[[0minfo[0m] [0m[31m  at scala.Predef$.$qmark$qmark$qmark(Predef.scala:225)[0m[0m
[0m[[0minfo[0m] [0m[31m  at forcomp.Anagrams$.sentenceAnagrams(Anagrams.scala:162)[0m[0m
[0m[[0minfo[0m] [0m[31m  at forcomp.AnagramsSuite$$anonfun$13.apply$mcV$sp(AnagramsSuite.scala:112)[0m[0m
[0m[[0minfo[0m] [0m[31m  at forcomp.AnagramsSuite$$anonfun$13.apply(AnagramsSuite.scala:88)[0m[0m
[0m[[0minfo[0m] [0m[31m  at forcomp.AnagramsSuite$$anonfun$13.apply(AnagramsSuite.scala:88)[0m[0m
[0m[[0minfo[0m] [0m[31m  at org.scalatest.Transformer$$anonfun$apply$1.apply$mcV$sp(Transformer.scala:22)[0m[0m
[0m[[0minfo[0m] [0m[31m  at org.scalatest.OutcomeOf$class.outcomeOf(OutcomeOf.scala:85)[0m[0m
[0m[[0minfo[0m] [0m[31m  at org.scalatest.OutcomeOf$.outcomeOf(OutcomeOf.scala:104)[0m[0m
[0m[[0minfo[0m] [0m[31m  at org.scalatest.Transformer.apply(Transformer.scala:22)[0m[0m
[0m[[0minfo[0m] [0m[31m  at org.scalatest.Transformer.apply(Transformer.scala:20)[0m[0m
[0m[[0minfo[0m] [0m[31m  ...[0m[0m
